0 info it worked if it ends with ok
1 verbose cli [ 'C:\\Program Files\\nodejs\\\\node.exe',
1 verbose cli   'C:\\Program Files\\nodejs\\node_modules\\npm\\bin\\npm-cli.js',
1 verbose cli   'install' ]
2 info using npm@1.4.28
3 info using node@v0.10.35
4 verbose node symlink C:\Program Files\nodejs\\node.exe
5 verbose readDependencies using package.json deps
6 verbose install where, deps [ 'C:\\Users\\lukasz\\Desktop\\CurrentProjects\\MeteoStation\\WeatherStationGit\\WebApp\\WebAppCode\\app',
6 verbose install   [ 'express',
6 verbose install     'async',
6 verbose install     'generic-pool',
6 verbose install     'mysl',
6 verbose install     'bcrypt-nodejs',
6 verbose install     'node-uuid' ] ]
7 info preinstall MySQL-Demo@0.0.1
8 verbose readDependencies using package.json deps
9 verbose already installed skipping express@3.x C:\Users\lukasz\Desktop\CurrentProjects\MeteoStation\WeatherStationGit\WebApp\WebAppCode\app
10 verbose already installed skipping async@0.1.x C:\Users\lukasz\Desktop\CurrentProjects\MeteoStation\WeatherStationGit\WebApp\WebAppCode\app
11 verbose already installed skipping generic-pool@2.x C:\Users\lukasz\Desktop\CurrentProjects\MeteoStation\WeatherStationGit\WebApp\WebAppCode\app
12 verbose cache add [ 'mysl@2.x', null ]
13 verbose cache add name=undefined spec="mysl@2.x" args=["mysl@2.x",null]
14 verbose parsed url { protocol: null,
14 verbose parsed url   slashes: null,
14 verbose parsed url   auth: null,
14 verbose parsed url   host: null,
14 verbose parsed url   port: null,
14 verbose parsed url   hostname: null,
14 verbose parsed url   hash: null,
14 verbose parsed url   search: null,
14 verbose parsed url   query: null,
14 verbose parsed url   pathname: 'mysl@2.x',
14 verbose parsed url   path: 'mysl@2.x',
14 verbose parsed url   href: 'mysl@2.x' }
15 verbose already installed skipping bcrypt-nodejs@0.x C:\Users\lukasz\Desktop\CurrentProjects\MeteoStation\WeatherStationGit\WebApp\WebAppCode\app
16 verbose already installed skipping node-uuid@1.x C:\Users\lukasz\Desktop\CurrentProjects\MeteoStation\WeatherStationGit\WebApp\WebAppCode\app
17 verbose cache add name="mysl" spec="2.x" args=["mysl","2.x"]
18 verbose parsed url { protocol: null,
18 verbose parsed url   slashes: null,
18 verbose parsed url   auth: null,
18 verbose parsed url   host: null,
18 verbose parsed url   port: null,
18 verbose parsed url   hostname: null,
18 verbose parsed url   hash: null,
18 verbose parsed url   search: null,
18 verbose parsed url   query: null,
18 verbose parsed url   pathname: '2.x',
18 verbose parsed url   path: '2.x',
18 verbose parsed url   href: '2.x' }
19 verbose addNamed [ 'mysl', '2.x' ]
20 verbose addNamed [ null, '>=2.0.0-0 <3.0.0-0' ]
21 silly lockFile c40d71f2-mysl-2-x mysl@2.x
22 verbose lock mysl@2.x C:\Users\lukasz\AppData\Roaming\npm-cache\c40d71f2-mysl-2-x.lock
23 silly addNameRange { name: 'mysl', range: '>=2.0.0-0 <3.0.0-0', hasData: false }
24 verbose request where is /mysl
25 verbose request registry https://registry.npmjs.org/
26 verbose request id f75e636b81aedc28
27 verbose url raw /mysl
28 verbose url resolving [ 'https://registry.npmjs.org/', './mysl' ]
29 verbose url resolved https://registry.npmjs.org/mysl
30 verbose request where is https://registry.npmjs.org/mysl
31 info trying registry request attempt 1 at 19:57:43
32 http GET https://registry.npmjs.org/mysl
33 http 404 https://registry.npmjs.org/mysl
34 verbose headers { date: 'Sat, 07 Feb 2015 18:57:46 GMT',
34 verbose headers   server: 'CouchDB/1.5.0 (Erlang OTP/R16B03)',
34 verbose headers   'content-type': 'application/json',
34 verbose headers   'cache-control': 'max-age=0',
34 verbose headers   'content-length': '52',
34 verbose headers   'accept-ranges': 'bytes',
34 verbose headers   via: '1.1 varnish',
34 verbose headers   age: '0',
34 verbose headers   'x-served-by': 'cache-ams4131-AMS',
34 verbose headers   'x-cache': 'MISS',
34 verbose headers   'x-cache-hits': '0',
34 verbose headers   'x-timer': 'S1423335465.772976,VS0,VE643',
34 verbose headers   'keep-alive': 'timeout=10, max=50',
34 verbose headers   connection: 'Keep-Alive' }
35 silly registry.get cb [ 404,
35 silly registry.get   { date: 'Sat, 07 Feb 2015 18:57:46 GMT',
35 silly registry.get     server: 'CouchDB/1.5.0 (Erlang OTP/R16B03)',
35 silly registry.get     'content-type': 'application/json',
35 silly registry.get     'cache-control': 'max-age=0',
35 silly registry.get     'content-length': '52',
35 silly registry.get     'accept-ranges': 'bytes',
35 silly registry.get     via: '1.1 varnish',
35 silly registry.get     age: '0',
35 silly registry.get     'x-served-by': 'cache-ams4131-AMS',
35 silly registry.get     'x-cache': 'MISS',
35 silly registry.get     'x-cache-hits': '0',
35 silly registry.get     'x-timer': 'S1423335465.772976,VS0,VE643',
35 silly registry.get     'keep-alive': 'timeout=10, max=50',
35 silly registry.get     connection: 'Keep-Alive' } ]
36 silly lockFile c40d71f2-mysl-2-x mysl@2.x
37 silly lockFile c40d71f2-mysl-2-x mysl@2.x
38 error 404 404 Not Found: mysl
38 error 404
38 error 404 'mysl' is not in the npm registry.
38 error 404 You should bug the author to publish it
38 error 404 It was specified as a dependency of 'MySQL-Demo'
38 error 404
38 error 404 Note that you can also install from a
38 error 404 tarball, folder, or http url, or git url.
39 error System Windows_NT 6.1.7601
40 error command "C:\\Program Files\\nodejs\\\\node.exe" "C:\\Program Files\\nodejs\\node_modules\\npm\\bin\\npm-cli.js" "install"
41 error cwd C:\Users\lukasz\Desktop\CurrentProjects\MeteoStation\WeatherStationGit\WebApp\WebAppCode\app
42 error node -v v0.10.35
43 error npm -v 1.4.28
44 error code E404
45 verbose exit [ 1, true ]
