
**** Build of configuration Debug for project CC3000HostDriver ****

"c:\\ti\\ccsv6\\utils\\bin\\gmake" -k all 
'Building file: C:/TI/CC3000SDK1.11/CC3000 SDK/LM4F120H5QR/Basic WiFi Application/Basic WiFi Source/Source/cc3000_host_driver/core_driver/src/cc3000_common.c'
'Invoking: ARM Compiler'
"c:/ti/ccsv6/tools/compiler/arm_5.1.6/bin/armcl" -mv7M4 --code_state=16 --float_support=FPv4SPD16 --abi=eabi -me -g --include_path="C:/TI/CC3000SDK1.11/CC3000 SDK/LM4F120H5QR/Basic WiFi Application/Basic WiFi Source/Source/cc3000_host_driver/include/common" --include_path="C:/TI/CC3000SDK1.11/CC3000 SDK/LM4F120H5QR/Basic WiFi Application/Basic WiFi Source/Source/cc3000_host_driver/core_driver/inc" --include_path="C:/TI/CC3000SDK1.11/CC3000 SDK/LM4F120H5QR/Basic WiFi Application/Basic WiFi Source/Source/cc3000_spi/inc" --include_path="c:/ti/ccsv6/tools/compiler/arm_5.1.6/include" --define=TARGET_IS_BLIZZARD_RA1=1 --define=PART_LM4F232H5QD=1 --define=__CCS__ --diag_warning=225 --display_error_number --preproc_with_compile --preproc_dependency="cc3000_common.pp"  "C:/TI/CC3000SDK1.11/CC3000 SDK/LM4F120H5QR/Basic WiFi Application/Basic WiFi Source/Source/cc3000_host_driver/core_driver/src/cc3000_common.c"
'Finished building: C:/TI/CC3000SDK1.11/CC3000 SDK/LM4F120H5QR/Basic WiFi Application/Basic WiFi Source/Source/cc3000_host_driver/core_driver/src/cc3000_common.c'
' '
'Building file: C:/TI/CC3000SDK1.11/CC3000 SDK/LM4F120H5QR/Basic WiFi Application/Basic WiFi Source/Source/cc3000_host_driver/core_driver/src/evnt_handler.c'
'Invoking: ARM Compiler'
"c:/ti/ccsv6/tools/compiler/arm_5.1.6/bin/armcl" -mv7M4 --code_state=16 --float_support=FPv4SPD16 --abi=eabi -me -g --include_path="C:/TI/CC3000SDK1.11/CC3000 SDK/LM4F120H5QR/Basic WiFi Application/Basic WiFi Source/Source/cc3000_host_driver/include/common" --include_path="C:/TI/CC3000SDK1.11/CC3000 SDK/LM4F120H5QR/Basic WiFi Application/Basic WiFi Source/Source/cc3000_host_driver/core_driver/inc" --include_path="C:/TI/CC3000SDK1.11/CC3000 SDK/LM4F120H5QR/Basic WiFi Application/Basic WiFi Source/Source/cc3000_spi/inc" --include_path="c:/ti/ccsv6/tools/compiler/arm_5.1.6/include" --define=TARGET_IS_BLIZZARD_RA1=1 --define=PART_LM4F232H5QD=1 --define=__CCS__ --diag_warning=225 --display_error_number --preproc_with_compile --preproc_dependency="evnt_handler.pp"  "C:/TI/CC3000SDK1.11/CC3000 SDK/LM4F120H5QR/Basic WiFi Application/Basic WiFi Source/Source/cc3000_host_driver/core_driver/src/evnt_handler.c"
'Finished building: C:/TI/CC3000SDK1.11/CC3000 SDK/LM4F120H5QR/Basic WiFi Application/Basic WiFi Source/Source/cc3000_host_driver/core_driver/src/evnt_handler.c'
' '
'Building file: C:/TI/CC3000SDK1.11/CC3000 SDK/LM4F120H5QR/Basic WiFi Application/Basic WiFi Source/Source/cc3000_host_driver/core_driver/src/hci.c'
'Invoking: ARM Compiler'
"c:/ti/ccsv6/tools/compiler/arm_5.1.6/bin/armcl" -mv7M4 --code_state=16 --float_support=FPv4SPD16 --abi=eabi -me -g --include_path="C:/TI/CC3000SDK1.11/CC3000 SDK/LM4F120H5QR/Basic WiFi Application/Basic WiFi Source/Source/cc3000_host_driver/include/common" --include_path="C:/TI/CC3000SDK1.11/CC3000 SDK/LM4F120H5QR/Basic WiFi Application/Basic WiFi Source/Source/cc3000_host_driver/core_driver/inc" --include_path="C:/TI/CC3000SDK1.11/CC3000 SDK/LM4F120H5QR/Basic WiFi Application/Basic WiFi Source/Source/cc3000_spi/inc" --include_path="c:/ti/ccsv6/tools/compiler/arm_5.1.6/include" --define=TARGET_IS_BLIZZARD_RA1=1 --define=PART_LM4F232H5QD=1 --define=__CCS__ --diag_warning=225 --display_error_number --preproc_with_compile --preproc_dependency="hci.pp"  "C:/TI/CC3000SDK1.11/CC3000 SDK/LM4F120H5QR/Basic WiFi Application/Basic WiFi Source/Source/cc3000_host_driver/core_driver/src/hci.c"
'Finished building: C:/TI/CC3000SDK1.11/CC3000 SDK/LM4F120H5QR/Basic WiFi Application/Basic WiFi Source/Source/cc3000_host_driver/core_driver/src/hci.c'
' '
'Building file: C:/TI/CC3000SDK1.11/CC3000 SDK/LM4F120H5QR/Basic WiFi Application/Basic WiFi Source/Source/cc3000_host_driver/core_driver/src/netapp.c'
'Invoking: ARM Compiler'
"c:/ti/ccsv6/tools/compiler/arm_5.1.6/bin/armcl" -mv7M4 --code_state=16 --float_support=FPv4SPD16 --abi=eabi -me -g --include_path="C:/TI/CC3000SDK1.11/CC3000 SDK/LM4F120H5QR/Basic WiFi Application/Basic WiFi Source/Source/cc3000_host_driver/include/common" --include_path="C:/TI/CC3000SDK1.11/CC3000 SDK/LM4F120H5QR/Basic WiFi Application/Basic WiFi Source/Source/cc3000_host_driver/core_driver/inc" --include_path="C:/TI/CC3000SDK1.11/CC3000 SDK/LM4F120H5QR/Basic WiFi Application/Basic WiFi Source/Source/cc3000_spi/inc" --include_path="c:/ti/ccsv6/tools/compiler/arm_5.1.6/include" --define=TARGET_IS_BLIZZARD_RA1=1 --define=PART_LM4F232H5QD=1 --define=__CCS__ --diag_warning=225 --display_error_number --preproc_with_compile --preproc_dependency="netapp.pp"  "C:/TI/CC3000SDK1.11/CC3000 SDK/LM4F120H5QR/Basic WiFi Application/Basic WiFi Source/Source/cc3000_host_driver/core_driver/src/netapp.c"
'Finished building: C:/TI/CC3000SDK1.11/CC3000 SDK/LM4F120H5QR/Basic WiFi Application/Basic WiFi Source/Source/cc3000_host_driver/core_driver/src/netapp.c'
' '
'Building file: C:/TI/CC3000SDK1.11/CC3000 SDK/LM4F120H5QR/Basic WiFi Application/Basic WiFi Source/Source/cc3000_host_driver/core_driver/src/nvmem.c'
'Invoking: ARM Compiler'
"c:/ti/ccsv6/tools/compiler/arm_5.1.6/bin/armcl" -mv7M4 --code_state=16 --float_support=FPv4SPD16 --abi=eabi -me -g --include_path="C:/TI/CC3000SDK1.11/CC3000 SDK/LM4F120H5QR/Basic WiFi Application/Basic WiFi Source/Source/cc3000_host_driver/include/common" --include_path="C:/TI/CC3000SDK1.11/CC3000 SDK/LM4F120H5QR/Basic WiFi Application/Basic WiFi Source/Source/cc3000_host_driver/core_driver/inc" --include_path="C:/TI/CC3000SDK1.11/CC3000 SDK/LM4F120H5QR/Basic WiFi Application/Basic WiFi Source/Source/cc3000_spi/inc" --include_path="c:/ti/ccsv6/tools/compiler/arm_5.1.6/include" --define=TARGET_IS_BLIZZARD_RA1=1 --define=PART_LM4F232H5QD=1 --define=__CCS__ --diag_warning=225 --display_error_number --preproc_with_compile --preproc_dependency="nvmem.pp"  "C:/TI/CC3000SDK1.11/CC3000 SDK/LM4F120H5QR/Basic WiFi Application/Basic WiFi Source/Source/cc3000_host_driver/core_driver/src/nvmem.c"
'Finished building: C:/TI/CC3000SDK1.11/CC3000 SDK/LM4F120H5QR/Basic WiFi Application/Basic WiFi Source/Source/cc3000_host_driver/core_driver/src/nvmem.c'
' '
'Building file: C:/TI/CC3000SDK1.11/CC3000 SDK/LM4F120H5QR/Basic WiFi Application/Basic WiFi Source/Source/cc3000_host_driver/core_driver/src/security.c'
'Invoking: ARM Compiler'
"c:/ti/ccsv6/tools/compiler/arm_5.1.6/bin/armcl" -mv7M4 --code_state=16 --float_support=FPv4SPD16 --abi=eabi -me -g --include_path="C:/TI/CC3000SDK1.11/CC3000 SDK/LM4F120H5QR/Basic WiFi Application/Basic WiFi Source/Source/cc3000_host_driver/include/common" --include_path="C:/TI/CC3000SDK1.11/CC3000 SDK/LM4F120H5QR/Basic WiFi Application/Basic WiFi Source/Source/cc3000_host_driver/core_driver/inc" --include_path="C:/TI/CC3000SDK1.11/CC3000 SDK/LM4F120H5QR/Basic WiFi Application/Basic WiFi Source/Source/cc3000_spi/inc" --include_path="c:/ti/ccsv6/tools/compiler/arm_5.1.6/include" --define=TARGET_IS_BLIZZARD_RA1=1 --define=PART_LM4F232H5QD=1 --define=__CCS__ --diag_warning=225 --display_error_number --preproc_with_compile --preproc_dependency="security.pp"  "C:/TI/CC3000SDK1.11/CC3000 SDK/LM4F120H5QR/Basic WiFi Application/Basic WiFi Source/Source/cc3000_host_driver/core_driver/src/security.c"
'Finished building: C:/TI/CC3000SDK1.11/CC3000 SDK/LM4F120H5QR/Basic WiFi Application/Basic WiFi Source/Source/cc3000_host_driver/core_driver/src/security.c'
' '
'Building file: C:/TI/CC3000SDK1.11/CC3000 SDK/LM4F120H5QR/Basic WiFi Application/Basic WiFi Source/Source/cc3000_host_driver/core_driver/src/socket.c'
'Invoking: ARM Compiler'
"c:/ti/ccsv6/tools/compiler/arm_5.1.6/bin/armcl" -mv7M4 --code_state=16 --float_support=FPv4SPD16 --abi=eabi -me -g --include_path="C:/TI/CC3000SDK1.11/CC3000 SDK/LM4F120H5QR/Basic WiFi Application/Basic WiFi Source/Source/cc3000_host_driver/include/common" --include_path="C:/TI/CC3000SDK1.11/CC3000 SDK/LM4F120H5QR/Basic WiFi Application/Basic WiFi Source/Source/cc3000_host_driver/core_driver/inc" --include_path="C:/TI/CC3000SDK1.11/CC3000 SDK/LM4F120H5QR/Basic WiFi Application/Basic WiFi Source/Source/cc3000_spi/inc" --include_path="c:/ti/ccsv6/tools/compiler/arm_5.1.6/include" --define=TARGET_IS_BLIZZARD_RA1=1 --define=PART_LM4F232H5QD=1 --define=__CCS__ --diag_warning=225 --display_error_number --preproc_with_compile --preproc_dependency="socket.pp"  "C:/TI/CC3000SDK1.11/CC3000 SDK/LM4F120H5QR/Basic WiFi Application/Basic WiFi Source/Source/cc3000_host_driver/core_driver/src/socket.c"
'Finished building: C:/TI/CC3000SDK1.11/CC3000 SDK/LM4F120H5QR/Basic WiFi Application/Basic WiFi Source/Source/cc3000_host_driver/core_driver/src/socket.c'
' '
'Building file: C:/TI/CC3000SDK1.11/CC3000 SDK/LM4F120H5QR/Basic WiFi Application/Basic WiFi Source/Source/cc3000_host_driver/core_driver/src/wlan.c'
'Invoking: ARM Compiler'
"c:/ti/ccsv6/tools/compiler/arm_5.1.6/bin/armcl" -mv7M4 --code_state=16 --float_support=FPv4SPD16 --abi=eabi -me -g --include_path="C:/TI/CC3000SDK1.11/CC3000 SDK/LM4F120H5QR/Basic WiFi Application/Basic WiFi Source/Source/cc3000_host_driver/include/common" --include_path="C:/TI/CC3000SDK1.11/CC3000 SDK/LM4F120H5QR/Basic WiFi Application/Basic WiFi Source/Source/cc3000_host_driver/core_driver/inc" --include_path="C:/TI/CC3000SDK1.11/CC3000 SDK/LM4F120H5QR/Basic WiFi Application/Basic WiFi Source/Source/cc3000_spi/inc" --include_path="c:/ti/ccsv6/tools/compiler/arm_5.1.6/include" --define=TARGET_IS_BLIZZARD_RA1=1 --define=PART_LM4F232H5QD=1 --define=__CCS__ --diag_warning=225 --display_error_number --preproc_with_compile --preproc_dependency="wlan.pp"  "C:/TI/CC3000SDK1.11/CC3000 SDK/LM4F120H5QR/Basic WiFi Application/Basic WiFi Source/Source/cc3000_host_driver/core_driver/src/wlan.c"
'Finished building: C:/TI/CC3000SDK1.11/CC3000 SDK/LM4F120H5QR/Basic WiFi Application/Basic WiFi Source/Source/cc3000_host_driver/core_driver/src/wlan.c'
' '
'Building target: CC3000HostDriver.lib'
'Invoking: ARM Archiver'
"c:/ti/ccsv6/tools/compiler/arm_5.1.6/bin/armar" r "CC3000HostDriver.lib"  "./cc3000_common.obj" "./evnt_handler.obj" "./hci.obj" "./netapp.obj" "./nvmem.obj" "./security.obj" "./socket.obj" "./wlan.obj" 
  ==>  new archive 'CC3000HostDriver.lib'
  ==>  building archive 'CC3000HostDriver.lib'
'Finished building target: CC3000HostDriver.lib'
' '

**** Build Finished ****
